  [4;36;1mSQL (0.3ms)[0m   [0;1m SELECT name
 FROM sqlite_master
 WHERE type = 'table' AND NOT name = 'sqlite_sequence'
[0m
  [4;35;1mSQL (0.1ms)[0m   [0mselect sqlite_version(*)[0m
  [4;36;1mSQL (1.8ms)[0m   [0;1mCREATE TABLE "schema_migrations" ("version" varchar(255) NOT NULL) [0m
  [4;35;1mSQL (1.6ms)[0m   [0mCREATE UNIQUE INDEX "unique_schema_migrations" ON "schema_migrations" ("version")[0m
  [4;36;1mSQL (0.1ms)[0m   [0;1m SELECT name
 FROM sqlite_master
 WHERE type = 'table' AND NOT name = 'sqlite_sequence'
[0m
  [4;35;1mSQL (0.1ms)[0m   [0mSELECT version FROM schema_migrations[0m
Migrating to CreateUsers (20090626085848)
  [4;36;1mSQL (0.5ms)[0m   [0;1mCREATE TABLE "users" ("id" INTEGER PRIMARY KEY AUTOINCREMENT NOT NULL, "name" varchar(255), "email" varchar(255), "hashed_password" varchar(255), "salt" varchar(255), "created_at" datetime, "updated_at" datetime) [0m
  [4;35;1mSQL (0.2ms)[0m   [0mINSERT INTO schema_migrations (version) VALUES ('20090626085848')[0m
  [4;36;1mSQL (0.3ms)[0m   [0;1m SELECT name
 FROM sqlite_master
 WHERE type = 'table' AND NOT name = 'sqlite_sequence'
[0m
  [4;35;1mSQL (0.1ms)[0m   [0mSELECT version FROM schema_migrations[0m
  [4;36;1mSQL (0.2ms)[0m   [0;1m SELECT name
 FROM sqlite_master
 WHERE type = 'table' AND NOT name = 'sqlite_sequence'
[0m
  [4;35;1mSQL (0.0ms)[0m   [0mPRAGMA index_list("users")[0m
/!\ FAILSAFE /!\  Fri Jun 26 11:29:23 +0200 2009
  Status: 500 Internal Server Error
  /Users/christian/Code/soundcloud/scconnect/app/helpers/application_helper.rb:9: syntax error, unexpected $end, expecting kEND
    /Library/Ruby/Gems/1.8/gems/activesupport-2.3.2/lib/active_support/dependencies.rb:380:in `load_without_new_constant_marking'
    /Library/Ruby/Gems/1.8/gems/activesupport-2.3.2/lib/active_support/dependencies.rb:380:in `load_file'
    /Library/Ruby/Gems/1.8/gems/activesupport-2.3.2/lib/active_support/dependencies.rb:521:in `new_constants_in'
    /Library/Ruby/Gems/1.8/gems/activesupport-2.3.2/lib/active_support/dependencies.rb:379:in `load_file'
    /Library/Ruby/Gems/1.8/gems/activesupport-2.3.2/lib/active_support/dependencies.rb:259:in `require_or_load'
    /Library/Ruby/Gems/1.8/gems/activesupport-2.3.2/lib/active_support/dependencies.rb:224:in `depend_on'
    /Library/Ruby/Gems/1.8/gems/activesupport-2.3.2/lib/active_support/dependencies.rb:136:in `require_dependency'
    /Library/Ruby/Gems/1.8/gems/actionpack-2.3.2/lib/action_controller/helpers.rb:197:in `default_helper_module!'
    /Library/Ruby/Gems/1.8/gems/actionpack-2.3.2/lib/action_controller/helpers.rb:212:in `__send__'
    /Library/Ruby/Gems/1.8/gems/actionpack-2.3.2/lib/action_controller/helpers.rb:212:in `inherited'
    /Users/christian/Code/soundcloud/scconnect/app/controllers/application_controller.rb:4
    /Library/Ruby/Gems/1.8/gems/activesupport-2.3.2/lib/active_support/dependencies.rb:380:in `load_without_new_constant_marking'
    /Library/Ruby/Gems/1.8/gems/activesupport-2.3.2/lib/active_support/dependencies.rb:380:in `load_file'
    /Library/Ruby/Gems/1.8/gems/activesupport-2.3.2/lib/active_support/dependencies.rb:521:in `new_constants_in'
    /Library/Ruby/Gems/1.8/gems/activesupport-2.3.2/lib/active_support/dependencies.rb:379:in `load_file'
    /Library/Ruby/Gems/1.8/gems/activesupport-2.3.2/lib/active_support/dependencies.rb:259:in `require_or_load'
    /Library/Ruby/Gems/1.8/gems/activesupport-2.3.2/lib/active_support/dependencies.rb:425:in `load_missing_constant'
    /Library/Ruby/Gems/1.8/gems/activesupport-2.3.2/lib/active_support/dependencies.rb:80:in `const_missing'
    /Library/Ruby/Gems/1.8/gems/activesupport-2.3.2/lib/active_support/dependencies.rb:92:in `const_missing'
    /Library/Ruby/Gems/1.8/gems/actionpack-2.3.2/lib/action_controller/dispatcher.rb:90:in `dispatch'
    /Library/Ruby/Gems/1.8/gems/actionpack-2.3.2/lib/action_controller/dispatcher.rb:111:in `_call'
    /Library/Ruby/Gems/1.8/gems/actionpack-2.3.2/lib/action_controller/dispatcher.rb:82:in `initialize'
    /Library/Ruby/Gems/1.8/gems/activerecord-2.3.2/lib/active_record/query_cache.rb:29:in `call'
    /Library/Ruby/Gems/1.8/gems/activerecord-2.3.2/lib/active_record/query_cache.rb:29:in `call'
    /Library/Ruby/Gems/1.8/gems/activerecord-2.3.2/lib/active_record/connection_adapters/abstract/query_cache.rb:34:in `cache'
    /Library/Ruby/Gems/1.8/gems/activerecord-2.3.2/lib/active_record/query_cache.rb:9:in `cache'
    /Library/Ruby/Gems/1.8/gems/activerecord-2.3.2/lib/active_record/query_cache.rb:28:in `call'
    /Library/Ruby/Gems/1.8/gems/activerecord-2.3.2/lib/active_record/connection_adapters/abstract/connection_pool.rb:361:in `call'
    /Library/Ruby/Gems/1.8/gems/actionpack-2.3.2/lib/action_controller/vendor/rack-1.0/rack/head.rb:9:in `call'
    /Library/Ruby/Gems/1.8/gems/actionpack-2.3.2/lib/action_controller/vendor/rack-1.0/rack/methodoverride.rb:24:in `call'
    /Library/Ruby/Gems/1.8/gems/actionpack-2.3.2/lib/action_controller/params_parser.rb:15:in `call'
    /Library/Ruby/Gems/1.8/gems/actionpack-2.3.2/lib/action_controller/rewindable_input.rb:25:in `call'
    /Library/Ruby/Gems/1.8/gems/actionpack-2.3.2/lib/action_controller/session/cookie_store.rb:93:in `call'
    /Library/Ruby/Gems/1.8/gems/actionpack-2.3.2/lib/action_controller/reloader.rb:9:in `call'
    /Library/Ruby/Gems/1.8/gems/actionpack-2.3.2/lib/action_controller/failsafe.rb:11:in `call'
    /Library/Ruby/Gems/1.8/gems/actionpack-2.3.2/lib/action_controller/vendor/rack-1.0/rack/lock.rb:11:in `call'
    /Library/Ruby/Gems/1.8/gems/actionpack-2.3.2/lib/action_controller/vendor/rack-1.0/rack/lock.rb:11:in `synchronize'
    /Library/Ruby/Gems/1.8/gems/actionpack-2.3.2/lib/action_controller/vendor/rack-1.0/rack/lock.rb:11:in `call'
    /Library/Ruby/Gems/1.8/gems/actionpack-2.3.2/lib/action_controller/dispatcher.rb:106:in `call'
    /Library/Ruby/Gems/1.8/gems/rails-2.3.2/lib/rails/rack/static.rb:31:in `call'
    /Library/Ruby/Gems/1.8/gems/actionpack-2.3.2/lib/action_controller/vendor/rack-1.0/rack/urlmap.rb:46:in `call'
    /Library/Ruby/Gems/1.8/gems/actionpack-2.3.2/lib/action_controller/vendor/rack-1.0/rack/urlmap.rb:40:in `each'
    /Library/Ruby/Gems/1.8/gems/actionpack-2.3.2/lib/action_controller/vendor/rack-1.0/rack/urlmap.rb:40:in `call'
    /Library/Ruby/Gems/1.8/gems/rails-2.3.2/lib/rails/rack/log_tailer.rb:17:in `call'
    /Library/Ruby/Gems/1.8/gems/actionpack-2.3.2/lib/action_controller/vendor/rack-1.0/rack/content_length.rb:13:in `call'
    /Library/Ruby/Gems/1.8/gems/actionpack-2.3.2/lib/action_controller/vendor/rack-1.0/rack/chunked.rb:15:in `call'
    /Library/Ruby/Gems/1.8/gems/actionpack-2.3.2/lib/action_controller/vendor/rack-1.0/rack/handler/mongrel.rb:61:in `process'
    /Library/Ruby/Gems/1.8/gems/mongrel-1.1.5/lib/mongrel.rb:159:in `process_client'
    /Library/Ruby/Gems/1.8/gems/mongrel-1.1.5/lib/mongrel.rb:158:in `each'
    /Library/Ruby/Gems/1.8/gems/mongrel-1.1.5/lib/mongrel.rb:158:in `process_client'
    /Library/Ruby/Gems/1.8/gems/mongrel-1.1.5/lib/mongrel.rb:285:in `run'
    /Library/Ruby/Gems/1.8/gems/mongrel-1.1.5/lib/mongrel.rb:285:in `initialize'
    /Library/Ruby/Gems/1.8/gems/mongrel-1.1.5/lib/mongrel.rb:285:in `new'
    /Library/Ruby/Gems/1.8/gems/mongrel-1.1.5/lib/mongrel.rb:285:in `run'
    /Library/Ruby/Gems/1.8/gems/mongrel-1.1.5/lib/mongrel.rb:268:in `initialize'
    /Library/Ruby/Gems/1.8/gems/mongrel-1.1.5/lib/mongrel.rb:268:in `new'
    /Library/Ruby/Gems/1.8/gems/mongrel-1.1.5/lib/mongrel.rb:268:in `run'
    /Library/Ruby/Gems/1.8/gems/actionpack-2.3.2/lib/action_controller/vendor/rack-1.0/rack/handler/mongrel.rb:34:in `run'
    /Library/Ruby/Gems/1.8/gems/rails-2.3.2/lib/commands/server.rb:111
    /Library/Ruby/Site/1.8/rubygems/custom_require.rb:31:in `gem_original_require'
    /Library/Ruby/Site/1.8/rubygems/custom_require.rb:31:in `require'
    script/server:3
/!\ FAILSAFE /!\  Fri Jun 26 11:29:32 +0200 2009
  Status: 500 Internal Server Error
  /Users/christian/Code/soundcloud/scconnect/app/helpers/application_helper.rb:9: syntax error, unexpected $end, expecting kEND
    /Library/Ruby/Gems/1.8/gems/activesupport-2.3.2/lib/active_support/dependencies.rb:380:in `load_without_new_constant_marking'
    /Library/Ruby/Gems/1.8/gems/activesupport-2.3.2/lib/active_support/dependencies.rb:380:in `load_file'
    /Library/Ruby/Gems/1.8/gems/activesupport-2.3.2/lib/active_support/dependencies.rb:521:in `new_constants_in'
    /Library/Ruby/Gems/1.8/gems/activesupport-2.3.2/lib/active_support/dependencies.rb:379:in `load_file'
    /Library/Ruby/Gems/1.8/gems/activesupport-2.3.2/lib/active_support/dependencies.rb:259:in `require_or_load'
    /Library/Ruby/Gems/1.8/gems/activesupport-2.3.2/lib/active_support/dependencies.rb:224:in `depend_on'
    /Library/Ruby/Gems/1.8/gems/activesupport-2.3.2/lib/active_support/dependencies.rb:136:in `require_dependency'
    /Library/Ruby/Gems/1.8/gems/actionpack-2.3.2/lib/action_controller/helpers.rb:197:in `default_helper_module!'
    /Library/Ruby/Gems/1.8/gems/actionpack-2.3.2/lib/action_controller/helpers.rb:212:in `__send__'
    /Library/Ruby/Gems/1.8/gems/actionpack-2.3.2/lib/action_controller/helpers.rb:212:in `inherited'
    /Users/christian/Code/soundcloud/scconnect/app/controllers/application_controller.rb:4
    /Library/Ruby/Gems/1.8/gems/activesupport-2.3.2/lib/active_support/dependencies.rb:380:in `load_without_new_constant_marking'
    /Library/Ruby/Gems/1.8/gems/activesupport-2.3.2/lib/active_support/dependencies.rb:380:in `load_file'
    /Library/Ruby/Gems/1.8/gems/activesupport-2.3.2/lib/active_support/dependencies.rb:521:in `new_constants_in'
    /Library/Ruby/Gems/1.8/gems/activesupport-2.3.2/lib/active_support/dependencies.rb:379:in `load_file'
    /Library/Ruby/Gems/1.8/gems/activesupport-2.3.2/lib/active_support/dependencies.rb:259:in `require_or_load'
    /Library/Ruby/Gems/1.8/gems/activesupport-2.3.2/lib/active_support/dependencies.rb:425:in `load_missing_constant'
    /Library/Ruby/Gems/1.8/gems/activesupport-2.3.2/lib/active_support/dependencies.rb:80:in `const_missing'
    /Library/Ruby/Gems/1.8/gems/activesupport-2.3.2/lib/active_support/dependencies.rb:92:in `const_missing'
    /Library/Ruby/Gems/1.8/gems/actionpack-2.3.2/lib/action_controller/dispatcher.rb:90:in `dispatch'
    /Library/Ruby/Gems/1.8/gems/actionpack-2.3.2/lib/action_controller/dispatcher.rb:111:in `_call'
    /Library/Ruby/Gems/1.8/gems/actionpack-2.3.2/lib/action_controller/dispatcher.rb:82:in `initialize'
    /Library/Ruby/Gems/1.8/gems/activerecord-2.3.2/lib/active_record/query_cache.rb:29:in `call'
    /Library/Ruby/Gems/1.8/gems/activerecord-2.3.2/lib/active_record/query_cache.rb:29:in `call'
    /Library/Ruby/Gems/1.8/gems/activerecord-2.3.2/lib/active_record/connection_adapters/abstract/query_cache.rb:34:in `cache'
    /Library/Ruby/Gems/1.8/gems/activerecord-2.3.2/lib/active_record/query_cache.rb:9:in `cache'
    /Library/Ruby/Gems/1.8/gems/activerecord-2.3.2/lib/active_record/query_cache.rb:28:in `call'
    /Library/Ruby/Gems/1.8/gems/activerecord-2.3.2/lib/active_record/connection_adapters/abstract/connection_pool.rb:361:in `call'
    /Library/Ruby/Gems/1.8/gems/actionpack-2.3.2/lib/action_controller/vendor/rack-1.0/rack/head.rb:9:in `call'
    /Library/Ruby/Gems/1.8/gems/actionpack-2.3.2/lib/action_controller/vendor/rack-1.0/rack/methodoverride.rb:24:in `call'
    /Library/Ruby/Gems/1.8/gems/actionpack-2.3.2/lib/action_controller/params_parser.rb:15:in `call'
    /Library/Ruby/Gems/1.8/gems/actionpack-2.3.2/lib/action_controller/rewindable_input.rb:25:in `call'
    /Library/Ruby/Gems/1.8/gems/actionpack-2.3.2/lib/action_controller/session/cookie_store.rb:93:in `call'
    /Library/Ruby/Gems/1.8/gems/actionpack-2.3.2/lib/action_controller/reloader.rb:9:in `call'
    /Library/Ruby/Gems/1.8/gems/actionpack-2.3.2/lib/action_controller/failsafe.rb:11:in `call'
    /Library/Ruby/Gems/1.8/gems/actionpack-2.3.2/lib/action_controller/vendor/rack-1.0/rack/lock.rb:11:in `call'
    /Library/Ruby/Gems/1.8/gems/actionpack-2.3.2/lib/action_controller/vendor/rack-1.0/rack/lock.rb:11:in `synchronize'
    /Library/Ruby/Gems/1.8/gems/actionpack-2.3.2/lib/action_controller/vendor/rack-1.0/rack/lock.rb:11:in `call'
    /Library/Ruby/Gems/1.8/gems/actionpack-2.3.2/lib/action_controller/dispatcher.rb:106:in `call'
    /Library/Ruby/Gems/1.8/gems/rails-2.3.2/lib/rails/rack/static.rb:31:in `call'
    /Library/Ruby/Gems/1.8/gems/actionpack-2.3.2/lib/action_controller/vendor/rack-1.0/rack/urlmap.rb:46:in `call'
    /Library/Ruby/Gems/1.8/gems/actionpack-2.3.2/lib/action_controller/vendor/rack-1.0/rack/urlmap.rb:40:in `each'
    /Library/Ruby/Gems/1.8/gems/actionpack-2.3.2/lib/action_controller/vendor/rack-1.0/rack/urlmap.rb:40:in `call'
    /Library/Ruby/Gems/1.8/gems/rails-2.3.2/lib/rails/rack/log_tailer.rb:17:in `call'
    /Library/Ruby/Gems/1.8/gems/actionpack-2.3.2/lib/action_controller/vendor/rack-1.0/rack/content_length.rb:13:in `call'
    /Library/Ruby/Gems/1.8/gems/actionpack-2.3.2/lib/action_controller/vendor/rack-1.0/rack/chunked.rb:15:in `call'
    /Library/Ruby/Gems/1.8/gems/actionpack-2.3.2/lib/action_controller/vendor/rack-1.0/rack/handler/mongrel.rb:61:in `process'
    /Library/Ruby/Gems/1.8/gems/mongrel-1.1.5/lib/mongrel.rb:159:in `process_client'
    /Library/Ruby/Gems/1.8/gems/mongrel-1.1.5/lib/mongrel.rb:158:in `each'
    /Library/Ruby/Gems/1.8/gems/mongrel-1.1.5/lib/mongrel.rb:158:in `process_client'
    /Library/Ruby/Gems/1.8/gems/mongrel-1.1.5/lib/mongrel.rb:285:in `run'
    /Library/Ruby/Gems/1.8/gems/mongrel-1.1.5/lib/mongrel.rb:285:in `initialize'
    /Library/Ruby/Gems/1.8/gems/mongrel-1.1.5/lib/mongrel.rb:285:in `new'
    /Library/Ruby/Gems/1.8/gems/mongrel-1.1.5/lib/mongrel.rb:285:in `run'
    /Library/Ruby/Gems/1.8/gems/mongrel-1.1.5/lib/mongrel.rb:268:in `initialize'
    /Library/Ruby/Gems/1.8/gems/mongrel-1.1.5/lib/mongrel.rb:268:in `new'
    /Library/Ruby/Gems/1.8/gems/mongrel-1.1.5/lib/mongrel.rb:268:in `run'
    /Library/Ruby/Gems/1.8/gems/actionpack-2.3.2/lib/action_controller/vendor/rack-1.0/rack/handler/mongrel.rb:34:in `run'
    /Library/Ruby/Gems/1.8/gems/rails-2.3.2/lib/commands/server.rb:111
    /Library/Ruby/Site/1.8/rubygems/custom_require.rb:31:in `gem_original_require'
    /Library/Ruby/Site/1.8/rubygems/custom_require.rb:31:in `require'
    script/server:3
/!\ FAILSAFE /!\  Fri Jun 26 11:29:34 +0200 2009
  Status: 500 Internal Server Error
  /Users/christian/Code/soundcloud/scconnect/app/helpers/application_helper.rb:9: syntax error, unexpected $end, expecting kEND
    /Library/Ruby/Gems/1.8/gems/activesupport-2.3.2/lib/active_support/dependencies.rb:380:in `load_without_new_constant_marking'
    /Library/Ruby/Gems/1.8/gems/activesupport-2.3.2/lib/active_support/dependencies.rb:380:in `load_file'
    /Library/Ruby/Gems/1.8/gems/activesupport-2.3.2/lib/active_support/dependencies.rb:521:in `new_constants_in'
    /Library/Ruby/Gems/1.8/gems/activesupport-2.3.2/lib/active_support/dependencies.rb:379:in `load_file'
    /Library/Ruby/Gems/1.8/gems/activesupport-2.3.2/lib/active_support/dependencies.rb:259:in `require_or_load'
    /Library/Ruby/Gems/1.8/gems/activesupport-2.3.2/lib/active_support/dependencies.rb:224:in `depend_on'
    /Library/Ruby/Gems/1.8/gems/activesupport-2.3.2/lib/active_support/dependencies.rb:136:in `require_dependency'
    /Library/Ruby/Gems/1.8/gems/actionpack-2.3.2/lib/action_controller/helpers.rb:197:in `default_helper_module!'
    /Library/Ruby/Gems/1.8/gems/actionpack-2.3.2/lib/action_controller/helpers.rb:212:in `__send__'
    /Library/Ruby/Gems/1.8/gems/actionpack-2.3.2/lib/action_controller/helpers.rb:212:in `inherited'
    /Users/christian/Code/soundcloud/scconnect/app/controllers/application_controller.rb:4
    /Library/Ruby/Gems/1.8/gems/activesupport-2.3.2/lib/active_support/dependencies.rb:380:in `load_without_new_constant_marking'
    /Library/Ruby/Gems/1.8/gems/activesupport-2.3.2/lib/active_support/dependencies.rb:380:in `load_file'
    /Library/Ruby/Gems/1.8/gems/activesupport-2.3.2/lib/active_support/dependencies.rb:521:in `new_constants_in'
    /Library/Ruby/Gems/1.8/gems/activesupport-2.3.2/lib/active_support/dependencies.rb:379:in `load_file'
    /Library/Ruby/Gems/1.8/gems/activesupport-2.3.2/lib/active_support/dependencies.rb:259:in `require_or_load'
    /Library/Ruby/Gems/1.8/gems/activesupport-2.3.2/lib/active_support/dependencies.rb:425:in `load_missing_constant'
    /Library/Ruby/Gems/1.8/gems/activesupport-2.3.2/lib/active_support/dependencies.rb:80:in `const_missing'
    /Library/Ruby/Gems/1.8/gems/activesupport-2.3.2/lib/active_support/dependencies.rb:92:in `const_missing'
    /Library/Ruby/Gems/1.8/gems/actionpack-2.3.2/lib/action_controller/dispatcher.rb:90:in `dispatch'
    /Library/Ruby/Gems/1.8/gems/actionpack-2.3.2/lib/action_controller/dispatcher.rb:111:in `_call'
    /Library/Ruby/Gems/1.8/gems/actionpack-2.3.2/lib/action_controller/dispatcher.rb:82:in `initialize'
    /Library/Ruby/Gems/1.8/gems/activerecord-2.3.2/lib/active_record/query_cache.rb:29:in `call'
    /Library/Ruby/Gems/1.8/gems/activerecord-2.3.2/lib/active_record/query_cache.rb:29:in `call'
    /Library/Ruby/Gems/1.8/gems/activerecord-2.3.2/lib/active_record/connection_adapters/abstract/query_cache.rb:34:in `cache'
    /Library/Ruby/Gems/1.8/gems/activerecord-2.3.2/lib/active_record/query_cache.rb:9:in `cache'
    /Library/Ruby/Gems/1.8/gems/activerecord-2.3.2/lib/active_record/query_cache.rb:28:in `call'
    /Library/Ruby/Gems/1.8/gems/activerecord-2.3.2/lib/active_record/connection_adapters/abstract/connection_pool.rb:361:in `call'
    /Library/Ruby/Gems/1.8/gems/actionpack-2.3.2/lib/action_controller/vendor/rack-1.0/rack/head.rb:9:in `call'
    /Library/Ruby/Gems/1.8/gems/actionpack-2.3.2/lib/action_controller/vendor/rack-1.0/rack/methodoverride.rb:24:in `call'
    /Library/Ruby/Gems/1.8/gems/actionpack-2.3.2/lib/action_controller/params_parser.rb:15:in `call'
    /Library/Ruby/Gems/1.8/gems/actionpack-2.3.2/lib/action_controller/rewindable_input.rb:25:in `call'
    /Library/Ruby/Gems/1.8/gems/actionpack-2.3.2/lib/action_controller/session/cookie_store.rb:93:in `call'
    /Library/Ruby/Gems/1.8/gems/actionpack-2.3.2/lib/action_controller/reloader.rb:9:in `call'
    /Library/Ruby/Gems/1.8/gems/actionpack-2.3.2/lib/action_controller/failsafe.rb:11:in `call'
    /Library/Ruby/Gems/1.8/gems/actionpack-2.3.2/lib/action_controller/vendor/rack-1.0/rack/lock.rb:11:in `call'
    /Library/Ruby/Gems/1.8/gems/actionpack-2.3.2/lib/action_controller/vendor/rack-1.0/rack/lock.rb:11:in `synchronize'
    /Library/Ruby/Gems/1.8/gems/actionpack-2.3.2/lib/action_controller/vendor/rack-1.0/rack/lock.rb:11:in `call'
    /Library/Ruby/Gems/1.8/gems/actionpack-2.3.2/lib/action_controller/dispatcher.rb:106:in `call'
    /Library/Ruby/Gems/1.8/gems/rails-2.3.2/lib/rails/rack/static.rb:31:in `call'
    /Library/Ruby/Gems/1.8/gems/actionpack-2.3.2/lib/action_controller/vendor/rack-1.0/rack/urlmap.rb:46:in `call'
    /Library/Ruby/Gems/1.8/gems/actionpack-2.3.2/lib/action_controller/vendor/rack-1.0/rack/urlmap.rb:40:in `each'
    /Library/Ruby/Gems/1.8/gems/actionpack-2.3.2/lib/action_controller/vendor/rack-1.0/rack/urlmap.rb:40:in `call'
    /Library/Ruby/Gems/1.8/gems/rails-2.3.2/lib/rails/rack/log_tailer.rb:17:in `call'
    /Library/Ruby/Gems/1.8/gems/actionpack-2.3.2/lib/action_controller/vendor/rack-1.0/rack/content_length.rb:13:in `call'
    /Library/Ruby/Gems/1.8/gems/actionpack-2.3.2/lib/action_controller/vendor/rack-1.0/rack/chunked.rb:15:in `call'
    /Library/Ruby/Gems/1.8/gems/actionpack-2.3.2/lib/action_controller/vendor/rack-1.0/rack/handler/mongrel.rb:61:in `process'
    /Library/Ruby/Gems/1.8/gems/mongrel-1.1.5/lib/mongrel.rb:159:in `process_client'
    /Library/Ruby/Gems/1.8/gems/mongrel-1.1.5/lib/mongrel.rb:158:in `each'
    /Library/Ruby/Gems/1.8/gems/mongrel-1.1.5/lib/mongrel.rb:158:in `process_client'
    /Library/Ruby/Gems/1.8/gems/mongrel-1.1.5/lib/mongrel.rb:285:in `run'
    /Library/Ruby/Gems/1.8/gems/mongrel-1.1.5/lib/mongrel.rb:285:in `initialize'
    /Library/Ruby/Gems/1.8/gems/mongrel-1.1.5/lib/mongrel.rb:285:in `new'
    /Library/Ruby/Gems/1.8/gems/mongrel-1.1.5/lib/mongrel.rb:285:in `run'
    /Library/Ruby/Gems/1.8/gems/mongrel-1.1.5/lib/mongrel.rb:268:in `initialize'
    /Library/Ruby/Gems/1.8/gems/mongrel-1.1.5/lib/mongrel.rb:268:in `new'
    /Library/Ruby/Gems/1.8/gems/mongrel-1.1.5/lib/mongrel.rb:268:in `run'
    /Library/Ruby/Gems/1.8/gems/actionpack-2.3.2/lib/action_controller/vendor/rack-1.0/rack/handler/mongrel.rb:34:in `run'
    /Library/Ruby/Gems/1.8/gems/rails-2.3.2/lib/commands/server.rb:111
    /Library/Ruby/Site/1.8/rubygems/custom_require.rb:31:in `gem_original_require'
    /Library/Ruby/Site/1.8/rubygems/custom_require.rb:31:in `require'
    script/server:3
/!\ FAILSAFE /!\  Fri Jun 26 11:29:44 +0200 2009
  Status: 500 Internal Server Error
  /Users/christian/Code/soundcloud/scconnect/app/helpers/application_helper.rb:9: syntax error, unexpected $end, expecting kEND
    /Library/Ruby/Gems/1.8/gems/activesupport-2.3.2/lib/active_support/dependencies.rb:380:in `load_without_new_constant_marking'
    /Library/Ruby/Gems/1.8/gems/activesupport-2.3.2/lib/active_support/dependencies.rb:380:in `load_file'
    /Library/Ruby/Gems/1.8/gems/activesupport-2.3.2/lib/active_support/dependencies.rb:521:in `new_constants_in'
    /Library/Ruby/Gems/1.8/gems/activesupport-2.3.2/lib/active_support/dependencies.rb:379:in `load_file'
    /Library/Ruby/Gems/1.8/gems/activesupport-2.3.2/lib/active_support/dependencies.rb:259:in `require_or_load'
    /Library/Ruby/Gems/1.8/gems/activesupport-2.3.2/lib/active_support/dependencies.rb:224:in `depend_on'
    /Library/Ruby/Gems/1.8/gems/activesupport-2.3.2/lib/active_support/dependencies.rb:136:in `require_dependency'
    /Library/Ruby/Gems/1.8/gems/actionpack-2.3.2/lib/action_controller/helpers.rb:197:in `default_helper_module!'
    /Library/Ruby/Gems/1.8/gems/actionpack-2.3.2/lib/action_controller/helpers.rb:212:in `__send__'
    /Library/Ruby/Gems/1.8/gems/actionpack-2.3.2/lib/action_controller/helpers.rb:212:in `inherited'
    /Users/christian/Code/soundcloud/scconnect/app/controllers/application_controller.rb:4
    /Library/Ruby/Gems/1.8/gems/activesupport-2.3.2/lib/active_support/dependencies.rb:380:in `load_without_new_constant_marking'
    /Library/Ruby/Gems/1.8/gems/activesupport-2.3.2/lib/active_support/dependencies.rb:380:in `load_file'
    /Library/Ruby/Gems/1.8/gems/activesupport-2.3.2/lib/active_support/dependencies.rb:521:in `new_constants_in'
    /Library/Ruby/Gems/1.8/gems/activesupport-2.3.2/lib/active_support/dependencies.rb:379:in `load_file'
    /Library/Ruby/Gems/1.8/gems/activesupport-2.3.2/lib/active_support/dependencies.rb:259:in `require_or_load'
    /Library/Ruby/Gems/1.8/gems/activesupport-2.3.2/lib/active_support/dependencies.rb:425:in `load_missing_constant'
    /Library/Ruby/Gems/1.8/gems/activesupport-2.3.2/lib/active_support/dependencies.rb:80:in `const_missing'
    /Library/Ruby/Gems/1.8/gems/activesupport-2.3.2/lib/active_support/dependencies.rb:92:in `const_missing'
    /Library/Ruby/Gems/1.8/gems/actionpack-2.3.2/lib/action_controller/dispatcher.rb:90:in `dispatch'
    /Library/Ruby/Gems/1.8/gems/actionpack-2.3.2/lib/action_controller/dispatcher.rb:111:in `_call'
    /Library/Ruby/Gems/1.8/gems/actionpack-2.3.2/lib/action_controller/dispatcher.rb:82:in `initialize'
    /Library/Ruby/Gems/1.8/gems/activerecord-2.3.2/lib/active_record/query_cache.rb:29:in `call'
    /Library/Ruby/Gems/1.8/gems/activerecord-2.3.2/lib/active_record/query_cache.rb:29:in `call'
    /Library/Ruby/Gems/1.8/gems/activerecord-2.3.2/lib/active_record/connection_adapters/abstract/query_cache.rb:34:in `cache'
    /Library/Ruby/Gems/1.8/gems/activerecord-2.3.2/lib/active_record/query_cache.rb:9:in `cache'
    /Library/Ruby/Gems/1.8/gems/activerecord-2.3.2/lib/active_record/query_cache.rb:28:in `call'
    /Library/Ruby/Gems/1.8/gems/activerecord-2.3.2/lib/active_record/connection_adapters/abstract/connection_pool.rb:361:in `call'
    /Library/Ruby/Gems/1.8/gems/actionpack-2.3.2/lib/action_controller/vendor/rack-1.0/rack/head.rb:9:in `call'
    /Library/Ruby/Gems/1.8/gems/actionpack-2.3.2/lib/action_controller/vendor/rack-1.0/rack/methodoverride.rb:24:in `call'
    /Library/Ruby/Gems/1.8/gems/actionpack-2.3.2/lib/action_controller/params_parser.rb:15:in `call'
    /Library/Ruby/Gems/1.8/gems/actionpack-2.3.2/lib/action_controller/rewindable_input.rb:25:in `call'
    /Library/Ruby/Gems/1.8/gems/actionpack-2.3.2/lib/action_controller/session/cookie_store.rb:93:in `call'
    /Library/Ruby/Gems/1.8/gems/actionpack-2.3.2/lib/action_controller/reloader.rb:9:in `call'
    /Library/Ruby/Gems/1.8/gems/actionpack-2.3.2/lib/action_controller/failsafe.rb:11:in `call'
    /Library/Ruby/Gems/1.8/gems/actionpack-2.3.2/lib/action_controller/vendor/rack-1.0/rack/lock.rb:11:in `call'
    /Library/Ruby/Gems/1.8/gems/actionpack-2.3.2/lib/action_controller/vendor/rack-1.0/rack/lock.rb:11:in `synchronize'
    /Library/Ruby/Gems/1.8/gems/actionpack-2.3.2/lib/action_controller/vendor/rack-1.0/rack/lock.rb:11:in `call'
    /Library/Ruby/Gems/1.8/gems/actionpack-2.3.2/lib/action_controller/dispatcher.rb:106:in `call'
    /Library/Ruby/Gems/1.8/gems/rails-2.3.2/lib/rails/rack/static.rb:31:in `call'
    /Library/Ruby/Gems/1.8/gems/actionpack-2.3.2/lib/action_controller/vendor/rack-1.0/rack/urlmap.rb:46:in `call'
    /Library/Ruby/Gems/1.8/gems/actionpack-2.3.2/lib/action_controller/vendor/rack-1.0/rack/urlmap.rb:40:in `each'
    /Library/Ruby/Gems/1.8/gems/actionpack-2.3.2/lib/action_controller/vendor/rack-1.0/rack/urlmap.rb:40:in `call'
    /Library/Ruby/Gems/1.8/gems/rails-2.3.2/lib/rails/rack/log_tailer.rb:17:in `call'
    /Library/Ruby/Gems/1.8/gems/actionpack-2.3.2/lib/action_controller/vendor/rack-1.0/rack/content_length.rb:13:in `call'
    /Library/Ruby/Gems/1.8/gems/actionpack-2.3.2/lib/action_controller/vendor/rack-1.0/rack/chunked.rb:15:in `call'
    /Library/Ruby/Gems/1.8/gems/actionpack-2.3.2/lib/action_controller/vendor/rack-1.0/rack/handler/mongrel.rb:61:in `process'
    /Library/Ruby/Gems/1.8/gems/mongrel-1.1.5/lib/mongrel.rb:159:in `process_client'
    /Library/Ruby/Gems/1.8/gems/mongrel-1.1.5/lib/mongrel.rb:158:in `each'
    /Library/Ruby/Gems/1.8/gems/mongrel-1.1.5/lib/mongrel.rb:158:in `process_client'
    /Library/Ruby/Gems/1.8/gems/mongrel-1.1.5/lib/mongrel.rb:285:in `run'
    /Library/Ruby/Gems/1.8/gems/mongrel-1.1.5/lib/mongrel.rb:285:in `initialize'
    /Library/Ruby/Gems/1.8/gems/mongrel-1.1.5/lib/mongrel.rb:285:in `new'
    /Library/Ruby/Gems/1.8/gems/mongrel-1.1.5/lib/mongrel.rb:285:in `run'
    /Library/Ruby/Gems/1.8/gems/mongrel-1.1.5/lib/mongrel.rb:268:in `initialize'
    /Library/Ruby/Gems/1.8/gems/mongrel-1.1.5/lib/mongrel.rb:268:in `new'
    /Library/Ruby/Gems/1.8/gems/mongrel-1.1.5/lib/mongrel.rb:268:in `run'
    /Library/Ruby/Gems/1.8/gems/actionpack-2.3.2/lib/action_controller/vendor/rack-1.0/rack/handler/mongrel.rb:34:in `run'
    /Library/Ruby/Gems/1.8/gems/rails-2.3.2/lib/commands/server.rb:111
    /Library/Ruby/Site/1.8/rubygems/custom_require.rb:31:in `gem_original_require'
    /Library/Ruby/Site/1.8/rubygems/custom_require.rb:31:in `require'
    script/server:3


Processing HomeController#index (for 127.0.0.1 at 2009-06-26 11:30:22) [GET]
Rendering home/index
Completed in 7ms (View: 6, DB: 0) | 200 OK [http://localhost/]


Processing AuthController#login (for 127.0.0.1 at 2009-06-26 11:30:25) [GET]
Rendering auth/login
Completed in 8ms (View: 6, DB: 0) | 200 OK [http://localhost/auth/login]


Processing UserController#register (for 127.0.0.1 at 2009-06-26 11:30:30) [GET]
Rendering user/register
Completed in 7ms (View: 5, DB: 0) | 200 OK [http://localhost/user/register]


Processing HomeController#index (for 127.0.0.1 at 2009-06-26 11:49:44) [GET]
Rendering template within layouts/application
Rendering home/index
Completed in 8ms (View: 6, DB: 0) | 200 OK [http://localhost/]


Processing HomeController#index (for 127.0.0.1 at 2009-06-26 11:52:57) [GET]
Rendering template within layouts/application
Rendering home/index
Completed in 6ms (View: 4, DB: 0) | 200 OK [http://localhost/]


Processing HomeController#index (for 127.0.0.1 at 2009-06-26 11:53:28) [GET]
Rendering template within layouts/application
Rendering home/index
Completed in 3ms (View: 1, DB: 0) | 200 OK [http://localhost/]


Processing HomeController#index (for 127.0.0.1 at 2009-06-26 11:53:39) [GET]
Rendering template within layouts/application
Rendering home/index
Completed in 3ms (View: 1, DB: 0) | 200 OK [http://localhost/]


Processing HomeController#index (for 127.0.0.1 at 2009-06-26 11:54:18) [GET]
Rendering template within layouts/application
Rendering home/index
Completed in 3ms (View: 1, DB: 0) | 200 OK [http://localhost/]


Processing HomeController#index (for 127.0.0.1 at 2009-06-26 11:54:20) [GET]
Rendering template within layouts/application
Rendering home/index
Completed in 3ms (View: 1, DB: 0) | 200 OK [http://localhost/]


Processing HomeController#index (for 127.0.0.1 at 2009-06-26 11:54:20) [GET]
Rendering template within layouts/application
Rendering home/index
Completed in 3ms (View: 1, DB: 0) | 200 OK [http://localhost/]


Processing HomeController#index (for 127.0.0.1 at 2009-06-26 11:54:20) [GET]
Rendering template within layouts/application
Rendering home/index
Completed in 3ms (View: 1, DB: 0) | 200 OK [http://localhost/]


Processing HomeController#index (for 127.0.0.1 at 2009-06-26 11:54:32) [GET]
Rendering template within layouts/application
Rendering home/index
Completed in 3ms (View: 1, DB: 0) | 200 OK [http://localhost/]


Processing HomeController#index (for 127.0.0.1 at 2009-06-26 11:55:04) [GET]
Rendering template within layouts/application
Rendering home/index
Completed in 3ms (View: 1, DB: 0) | 200 OK [http://localhost/]


Processing HomeController#index (for 127.0.0.1 at 2009-06-26 11:59:05) [GET]
Rendering template within layouts/application
Rendering home/index
Completed in 5ms (View: 4, DB: 0) | 200 OK [http://localhost/]


Processing HomeController#index (for 127.0.0.1 at 2009-06-26 12:00:39) [GET]
Rendering template within layouts/application
Rendering home/index
Completed in 3ms (View: 1, DB: 0) | 200 OK [http://localhost/]


Processing HomeController#index (for 127.0.0.1 at 2009-06-26 12:01:21) [GET]
Rendering template within layouts/application
Rendering home/index
Completed in 5ms (View: 3, DB: 0) | 200 OK [http://localhost/]


Processing HomeController#index (for 127.0.0.1 at 2009-06-26 12:07:43) [GET]
Rendering template within layouts/application
Rendering home/index
Completed in 3ms (View: 1, DB: 0) | 200 OK [http://localhost/]


Processing AuthController#login (for 127.0.0.1 at 2009-06-26 12:07:45) [GET]
Rendering template within layouts/application
Rendering auth/login
Completed in 2ms (View: 1, DB: 0) | 200 OK [http://localhost/login]


Processing HomeController#index (for 127.0.0.1 at 2009-06-26 12:09:24) [GET]
Rendering template within layouts/application
Rendering home/index
Completed in 2ms (View: 1, DB: 0) | 200 OK [http://localhost/]


Processing UserController#register (for 127.0.0.1 at 2009-06-26 12:09:27) [GET]
Rendering template within layouts/application
Rendering user/register
Completed in 3ms (View: 1, DB: 0) | 200 OK [http://localhost/register]
